[22:31:50] [main/INFO] (FabricLoader/GameProvider) Loading Minecraft 1.19.2 with Fabric Loader 0.14.24
[22:31:50] [main/INFO] (FabricLoader) Loading 47 mods:
	- dr11bags 1.0-SNAPSHOT
	- fabric-api 0.76.1+1.19.2
	- fabric-api-base 0.4.15+8f4e8eb390
	- fabric-api-lookup-api-v1 1.6.14+93d8cb8290
	- fabric-biome-api-v1 9.1.1+16f1e31390
	- fabric-block-api-v1 1.0.2+e415d50e90
	- fabric-blockrenderlayer-v1 1.1.25+cafc6e8e90
	- fabric-client-tags-api-v1 1.0.5+b35fea8390
	- fabric-command-api-v2 2.2.1+413cbbc790
	- fabric-content-registries-v0 3.5.2+7c6cd14d90
	- fabric-convention-tags-v1 1.3.0+4bc6e26290
	- fabric-crash-report-info-v1 0.2.8+aeb40ebe90
	- fabric-data-generation-api-v1 5.3.9+413cbbc790
	- fabric-dimensions-v1 2.1.35+0d0f210290
	- fabric-entity-events-v1 1.5.4+9244241690
	- fabric-events-interaction-v0 0.4.34+562bff6e90
	- fabric-game-rule-api-v1 1.0.24+b6b6abb490
	- fabric-gametest-api-v1 1.1.8+4d0d570390
	- fabric-item-api-v1 1.6.6+b7d1888890
	- fabric-item-groups-v0 0.3.39+9244241690
	- fabric-key-binding-api-v1 1.0.25+5c4fce2890
	- fabric-lifecycle-events-v1 2.2.4+1b46dc7890
	- fabric-loot-api-v2 1.1.13+83a8659290
	- fabric-message-api-v1 5.0.7+93d8cb8290
	- fabric-mining-level-api-v1 2.1.24+33fbc73890
	- fabric-models-v0 0.3.21+c6af733c90
	- fabric-networking-api-v1 1.2.12+def3f86d90
	- fabric-object-builder-api-v1 4.2.2+d8ef690890
	- fabric-particles-v1 1.0.14+4d0d570390
	- fabric-recipe-api-v1 1.0.2+413cbbc790
	- fabric-registry-sync-v0 0.9.33+9244241690
	- fabric-renderer-api-v1 1.2.1+1adbf27790
	- fabric-renderer-indigo 0.8.0+1adbf27790
	- fabric-rendering-data-attachment-v1 0.3.19+6e0787e690
	- fabric-rendering-fluids-v1 3.0.11+4d0d570390
	- fabric-rendering-v1 1.12.1+d8ef690890
	- fabric-resource-conditions-api-v1 2.1.2+aae9039d90
	- fabric-resource-loader-v0 0.8.4+edbdcddb90
	- fabric-screen-api-v1 1.0.32+4d0d570390
	- fabric-screen-handler-api-v1 1.3.8+1cc24b1b90
	- fabric-sound-api-v1 1.0.2+c4f28df590
	- fabric-textures-v0 1.0.24+aeb40ebe90
	- fabric-transfer-api-v1 2.1.6+413cbbc790
	- fabric-transitive-access-wideners-v1 1.3.3+08b73de490
	- fabricloader 0.14.24
	- java 17
	- minecraft 1.19.2
[22:31:50] [main/INFO] (FabricLoader/Mixin) SpongePowered MIXIN Subsystem Version=0.8.5 Source=file:/C:/Users/user/.gradle/caches/modules-2/files-2.1/net.fabricmc/sponge-mixin/0.12.5+mixin.0.8.5/8d31fb97c3e0cd7c8dad3441851c523bcfae6d8e/sponge-mixin-0.12.5+mixin.0.8.5.jar Service=Knot/Fabric Env=CLIENT
[22:31:51] [main/INFO] (FabricLoader/Mixin) Loaded Fabric development mappings for mixin remapper!
[22:31:51] [main/INFO] (FabricLoader/Mixin) Compatibility level set to JAVA_16
[22:31:51] [main/INFO] (FabricLoader/Mixin) Compatibility level set to JAVA_17
[22:31:54] [main/INFO] (Minecraft) Building optimized datafixer
[22:31:58] [Render thread/INFO] (Minecraft) Environment: authHost='https://authserver.mojang.com', accountsHost='https://api.mojang.com', sessionHost='https://sessionserver.mojang.com', servicesHost='https://api.minecraftservices.com', name='PROD'
[22:31:59] [Render thread/ERROR] (Minecraft) Failed to verify authentication
com.mojang.authlib.exceptions.InvalidCredentialsException: Status: 401
	at com.mojang.authlib.exceptions.MinecraftClientHttpException.toAuthenticationException(MinecraftClientHttpException.java:56) ~[authlib-3.11.49.jar:?]
	at com.mojang.authlib.yggdrasil.YggdrasilUserApiService.fetchProperties(YggdrasilUserApiService.java:155) ~[authlib-3.11.49.jar:?]
	at com.mojang.authlib.yggdrasil.YggdrasilUserApiService.<init>(YggdrasilUserApiService.java:55) ~[authlib-3.11.49.jar:?]
	at com.mojang.authlib.yggdrasil.YggdrasilAuthenticationService.createUserApiService(YggdrasilAuthenticationService.java:161) ~[authlib-3.11.49.jar:?]
	at net.minecraft.client.MinecraftClient.createUserApiService(MinecraftClient.java:711) [minecraft-merged-project-root-1.19.2-net.fabricmc.yarn.1_19_2.1.19.2+build.28-v2.jar:?]
	at net.minecraft.client.MinecraftClient.<init>(MinecraftClient.java:431) [minecraft-merged-project-root-1.19.2-net.fabricmc.yarn.1_19_2.1.19.2+build.28-v2.jar:?]
	at net.minecraft.client.main.Main.main(Main.java:205) [minecraft-merged-project-root-1.19.2-net.fabricmc.yarn.1_19_2.1.19.2+build.28-v2.jar:?]
	at net.minecraft.client.main.Main.main(Main.java:51) [minecraft-merged-project-root-1.19.2-net.fabricmc.yarn.1_19_2.1.19.2+build.28-v2.jar:?]
	at net.fabricmc.loader.impl.game.minecraft.MinecraftGameProvider.launch(MinecraftGameProvider.java:470) [fabric-loader-0.14.24.jar:?]
	at net.fabricmc.loader.impl.launch.knot.Knot.launch(Knot.java:74) [fabric-loader-0.14.24.jar:?]
	at net.fabricmc.loader.impl.launch.knot.KnotClient.main(KnotClient.java:23) [fabric-loader-0.14.24.jar:?]
	at net.fabricmc.devlaunchinjector.Main.main(Main.java:86) [dev-launch-injector-0.2.1+build.8.jar:?]
Caused by: com.mojang.authlib.exceptions.MinecraftClientHttpException: Status: 401
	at com.mojang.authlib.minecraft.client.MinecraftClient.readInputStream(MinecraftClient.java:85) ~[authlib-3.11.49.jar:?]
	at com.mojang.authlib.minecraft.client.MinecraftClient.get(MinecraftClient.java:48) ~[authlib-3.11.49.jar:?]
	at com.mojang.authlib.yggdrasil.YggdrasilUserApiService.fetchProperties(YggdrasilUserApiService.java:129) ~[authlib-3.11.49.jar:?]
	... 10 more
[22:31:59] [Render thread/INFO] (Minecraft) Setting user: Player720
[22:31:59] [Render thread/INFO] (dr11bags) 
 _______   _______     __      __    _______    ______    ______    ______  
|       \ |       \  _/  \   _/  \  |       \  /      \  /      \  /      \ 
| $$$$$$$\| $$$$$$$\|   $$  |   $$  | $$$$$$$\|  $$$$$$\|  $$$$$$\|  $$$$$$\
| $$  | $$| $$__| $$ \$$$$   \$$$$  | $$__/ $$| $$__| $$| $$ __\$$| $$___\$$
| $$  | $$| $$    $$  | $$    | $$  | $$    $$| $$    $$| $$|    \ \$$    \ 
| $$  | $$| $$$$$$$\  | $$    | $$  | $$$$$$$\| $$$$$$$$| $$ \$$$$ _\$$$$$$\
| $$__/ $$| $$  | $$ _| $$_  _| $$_ | $$__/ $$| $$  | $$| $$__| $$|  \__| $$
| $$    $$| $$  | $$|   $$ \|   $$ \| $$    $$| $$  | $$ \$$    $$ \$$    $$
 \$$$$$$$  \$$   \$$ \$$$$$$ \$$$$$$ \$$$$$$$  \$$   \$$  \$$$$$$   \$$$$$$ 
[22:32:00] [Render thread/INFO] (Indigo) [Indigo] Registering Indigo renderer!
[22:32:00] [Render thread/INFO] (Minecraft) Backend library: LWJGL version 3.3.1 SNAPSHOT
[22:32:02] [Worker-Main-12/ERROR] (Minecraft) Failed to retrieve profile key pair
java.io.IOException: Could not retrieve profile key pair
	at net.minecraft.client.util.ProfileKeys.fetchKeyPair(ProfileKeys.java:130) ~[minecraft-merged-project-root-1.19.2-net.fabricmc.yarn.1_19_2.1.19.2+build.28-v2.jar:?]
	at net.minecraft.client.util.ProfileKeys.method_44291(ProfileKeys.java:69) ~[minecraft-merged-project-root-1.19.2-net.fabricmc.yarn.1_19_2.1.19.2+build.28-v2.jar:?]
	at java.util.concurrent.CompletableFuture$AsyncSupply.run(CompletableFuture.java:1768) [?:?]
	at java.util.concurrent.CompletableFuture$AsyncSupply.exec(CompletableFuture.java:1760) [?:?]
	at java.util.concurrent.ForkJoinTask.doExec(ForkJoinTask.java:373) [?:?]
	at java.util.concurrent.ForkJoinPool$WorkQueue.topLevelExec(ForkJoinPool.java:1182) [?:?]
	at java.util.concurrent.ForkJoinPool.scan(ForkJoinPool.java:1655) [?:?]
	at java.util.concurrent.ForkJoinPool.runWorker(ForkJoinPool.java:1622) [?:?]
	at java.util.concurrent.ForkJoinWorkerThread.run(ForkJoinWorkerThread.java:165) [?:?]
[22:32:02] [Render thread/INFO] (Minecraft) Reloading ResourceManager: Default, Fabric Mods (Fabric Screen API (v1), Fabric Particles (v1), Fabric Command API (v2), Fabric API Lookup API (v1), Fabric API, Fabric Mining Level API (v1), Fabric Data Generation API (v1), DR11Bags, Fabric Block API (v1), Fabric Content Registries (v0), Fabric Game Test API (v1), Fabric API Base, Fabric Transfer API (v1), Fabric Resource Loader (v0), Fabric Loot API (v2), Fabric Events Interaction (v0), Fabric Entity Events (v1), Fabric Sound API (v1), Fabric Object Builder API (v1), Fabric Game Rule API (v1), Fabric Renderer - Indigo, Fabric Renderer API (v1), Fabric BlockRenderLayer Registration (v1), Fabric Loader, Fabric Textures (v0), Fabric Screen Handler API (v1), Fabric Client Tags, Fabric Networking API (v1), Fabric Item API (v1), Fabric Key Binding API (v1), Fabric Item Groups (v0), Fabric Biome API (v1), Fabric Crash Report Info (v1), Fabric Message API (v1), Fabric Rendering Data Attachment (v1), Fabric Registry Sync (v0), Fabric Rendering Fluids (v1), Fabric Transitive Access Wideners (v1), Fabric Dimensions API (v1), Fabric Recipe API (v1), Fabric Resource Conditions API (v1), Fabric Models (v0), Fabric Rendering (v1), Fabric Convention Tags, Fabric Lifecycle Events (v1))
[22:32:04] [Realms Notification Availability checker #1/INFO] (Minecraft) Could not authorize you against Realms server: Invalid session id
[22:32:04] [Render thread/WARN] (Minecraft) Missing sound for event: minecraft:item.goat_horn.play
[22:32:04] [Render thread/WARN] (Minecraft) Missing sound for event: minecraft:entity.goat.screaming.horn_break
[22:32:05] [Render thread/INFO] (Minecraft) OpenAL initialized on device OpenAL Soft on Динамики (High Definition Audio Device)
[22:32:05] [Render thread/INFO] (Minecraft) Sound engine started
[22:32:05] [Render thread/INFO] (Minecraft) Created: 1024x1024x4 minecraft:textures/atlas/blocks.png-atlas
[22:32:05] [Render thread/INFO] (Minecraft) Created: 256x128x4 minecraft:textures/atlas/signs.png-atlas
[22:32:05] [Render thread/INFO] (Minecraft) Created: 1024x512x4 minecraft:textures/atlas/banner_patterns.png-atlas
[22:32:05] [Render thread/INFO] (Minecraft) Created: 1024x512x4 minecraft:textures/atlas/shield_patterns.png-atlas
[22:32:05] [Render thread/INFO] (Minecraft) Created: 256x256x4 minecraft:textures/atlas/chest.png-atlas
[22:32:05] [Render thread/INFO] (Minecraft) Created: 512x256x4 minecraft:textures/atlas/beds.png-atlas
[22:32:05] [Render thread/INFO] (Minecraft) Created: 512x256x4 minecraft:textures/atlas/shulker_boxes.png-atlas
[22:32:06] [Render thread/WARN] (Minecraft) Shader rendertype_entity_translucent_emissive could not find sampler named Sampler2 in the specified shader program.
[22:32:06] [Render thread/INFO] (Minecraft) Created: 512x256x0 minecraft:textures/atlas/particles.png-atlas
[22:32:06] [Render thread/INFO] (Minecraft) Created: 256x256x0 minecraft:textures/atlas/paintings.png-atlas
[22:32:06] [Render thread/INFO] (Minecraft) Created: 256x128x0 minecraft:textures/atlas/mob_effects.png-atlas
[22:32:12] [Render thread/INFO] (Minecraft) Loaded 7 recipes
[22:32:13] [Render thread/INFO] (Minecraft) Loaded 1179 advancements
[22:32:14] [Worker-Main-13/ERROR] (Minecraft) Failed to retrieve profile key pair
java.io.IOException: Could not retrieve profile key pair
	at net.minecraft.client.util.ProfileKeys.fetchKeyPair(ProfileKeys.java:130) ~[minecraft-merged-project-root-1.19.2-net.fabricmc.yarn.1_19_2.1.19.2+build.28-v2.jar:?]
	at net.minecraft.client.util.ProfileKeys.method_44291(ProfileKeys.java:69) ~[minecraft-merged-project-root-1.19.2-net.fabricmc.yarn.1_19_2.1.19.2+build.28-v2.jar:?]
	at java.util.concurrent.CompletableFuture$AsyncSupply.run(CompletableFuture.java:1768) [?:?]
	at java.util.concurrent.CompletableFuture$AsyncSupply.exec(CompletableFuture.java:1760) [?:?]
	at java.util.concurrent.ForkJoinTask.doExec(ForkJoinTask.java:373) [?:?]
	at java.util.concurrent.ForkJoinPool$WorkQueue.topLevelExec(ForkJoinPool.java:1182) [?:?]
	at java.util.concurrent.ForkJoinPool.scan(ForkJoinPool.java:1655) [?:?]
	at java.util.concurrent.ForkJoinPool.runWorker(ForkJoinPool.java:1622) [?:?]
	at java.util.concurrent.ForkJoinWorkerThread.run(ForkJoinWorkerThread.java:165) [?:?]
[22:32:14] [Render thread/INFO] (BiomeModificationImpl) Applied 0 biome modifications to 0 of 63 new biomes in 3.375 ms
[22:32:14] [Server thread/INFO] (Minecraft) Starting integrated minecraft server version 1.19.2
[22:32:14] [Server thread/INFO] (Minecraft) Generating keypair
[22:32:15] [Server thread/INFO] (Minecraft) Preparing start region for dimension minecraft:overworld
[22:32:16] [Worker-Bootstrap-4/INFO] (Minecraft) 4283 Datafixer optimizations took 21682 milliseconds
[22:32:16] [Render thread/INFO] (Minecraft) Подготовка области возрождения: 0%
[22:32:16] [Render thread/INFO] (Minecraft) Подготовка области возрождения: 0%
[22:32:16] [Render thread/INFO] (Minecraft) Подготовка области возрождения: 0%
[22:32:16] [Render thread/INFO] (Minecraft) Подготовка области возрождения: 0%
[22:32:17] [Render thread/INFO] (Minecraft) Подготовка области возрождения: 0%
[22:32:17] [Render thread/INFO] (Minecraft) Подготовка области возрождения: 4%
[22:32:17] [Render thread/INFO] (Minecraft) Time elapsed: 2822 ms
[22:32:17] [Server thread/INFO] (Minecraft) Changing view distance to 12, from 10
[22:32:17] [Server thread/INFO] (Minecraft) Changing simulation distance to 12, from 0
[22:32:18] [Server thread/INFO] (Minecraft) Player720[local:E:aa515c37] logged in with entity id 238 at (-19.19705471209684, 71.0, -23.474385305825514)
[22:32:18] [Server thread/INFO] (Minecraft) Player720 присоединился к игре
[22:32:19] [Render thread/INFO] (Minecraft) Loaded 0 advancements
[22:35:45] [Server thread/INFO] (Minecraft) Saving and pausing game...
[22:35:45] [Server thread/INFO] (Minecraft) Saving chunks for level 'ServerLevel[New World]'/minecraft:overworld
[22:35:45] [Server thread/INFO] (Minecraft) Saving chunks for level 'ServerLevel[New World]'/minecraft:the_end
[22:35:45] [Server thread/INFO] (Minecraft) Saving chunks for level 'ServerLevel[New World]'/minecraft:the_nether
[22:35:46] [Server thread/INFO] (Minecraft) Player720 lost connection: Отключение
[22:35:46] [Server thread/INFO] (Minecraft) Player720 покинул игру
[22:35:46] [Server thread/INFO] (Minecraft) Stopping singleplayer server as player logged out
[22:35:46] [Server thread/INFO] (Minecraft) Stopping server
[22:35:46] [Server thread/INFO] (Minecraft) Saving players
[22:35:46] [Server thread/INFO] (Minecraft) Saving worlds
[22:35:46] [Server thread/INFO] (Minecraft) Saving chunks for level 'ServerLevel[New World]'/minecraft:overworld
[22:35:51] [Server thread/INFO] (Minecraft) Saving chunks for level 'ServerLevel[New World]'/minecraft:the_end
[22:35:51] [Server thread/INFO] (Minecraft) Saving chunks for level 'ServerLevel[New World]'/minecraft:the_nether
[22:35:51] [Server thread/INFO] (Minecraft) ThreadedAnvilChunkStorage (New World): All chunks are saved
[22:35:51] [Server thread/INFO] (Minecraft) ThreadedAnvilChunkStorage (DIM1): All chunks are saved
[22:35:51] [Server thread/INFO] (Minecraft) ThreadedAnvilChunkStorage (DIM-1): All chunks are saved
[22:35:51] [Server thread/INFO] (Minecraft) ThreadedAnvilChunkStorage: All dimensions are saved
[22:35:57] [Render thread/INFO] (Minecraft) Loaded 7 recipes
[22:35:57] [Render thread/INFO] (Minecraft) Loaded 1179 advancements
[22:35:57] [Worker-Main-14/ERROR] (Minecraft) Failed to retrieve profile key pair
java.io.IOException: Could not retrieve profile key pair
	at net.minecraft.client.util.ProfileKeys.fetchKeyPair(ProfileKeys.java:130) ~[minecraft-merged-project-root-1.19.2-net.fabricmc.yarn.1_19_2.1.19.2+build.28-v2.jar:?]
	at net.minecraft.client.util.ProfileKeys.method_44291(ProfileKeys.java:69) ~[minecraft-merged-project-root-1.19.2-net.fabricmc.yarn.1_19_2.1.19.2+build.28-v2.jar:?]
	at java.util.concurrent.CompletableFuture$AsyncSupply.run(CompletableFuture.java:1768) [?:?]
	at java.util.concurrent.CompletableFuture$AsyncSupply.exec(CompletableFuture.java:1760) [?:?]
	at java.util.concurrent.ForkJoinTask.doExec(ForkJoinTask.java:373) [?:?]
	at java.util.concurrent.ForkJoinPool$WorkQueue.topLevelExec(ForkJoinPool.java:1182) [?:?]
	at java.util.concurrent.ForkJoinPool.scan(ForkJoinPool.java:1655) [?:?]
	at java.util.concurrent.ForkJoinPool.runWorker(ForkJoinPool.java:1622) [?:?]
	at java.util.concurrent.ForkJoinWorkerThread.run(ForkJoinWorkerThread.java:165) [?:?]
[22:35:57] [Render thread/INFO] (BiomeModificationImpl) Applied 0 biome modifications to 0 of 63 new biomes in 142.7 μs
[22:35:57] [Server thread/INFO] (Minecraft) Starting integrated minecraft server version 1.19.2
[22:35:57] [Server thread/INFO] (Minecraft) Generating keypair
[22:35:57] [Server thread/INFO] (Minecraft) Preparing start region for dimension minecraft:overworld
[22:35:58] [Render thread/INFO] (Minecraft) Подготовка области возрождения: 0%
[22:35:58] [Render thread/INFO] (Minecraft) Подготовка области возрождения: 0%
[22:35:58] [Render thread/INFO] (Minecraft) Подготовка области возрождения: 0%
[22:35:59] [Render thread/INFO] (Minecraft) Time elapsed: 1396 ms
[22:35:59] [Server thread/INFO] (Minecraft) Changing view distance to 12, from 10
[22:35:59] [Server thread/INFO] (Minecraft) Changing simulation distance to 12, from 0
[22:35:59] [Server thread/INFO] (Minecraft) Player720[local:E:9a3e87db] logged in with entity id 1823 at (-19.973931529159994, 70.0, -33.032357781260565)
[22:35:59] [Server thread/INFO] (Minecraft) Player720 присоединился к игре
[22:35:59] [Render thread/INFO] (Minecraft) Loaded 0 advancements
